<?xml version="1.0" encoding="UTF-8"?>
<testng-results ignored="0" total="1" passed="1" failed="0" skipped="0">
  <reporter-output>
  </reporter-output>
  <suite started-at="2021-12-27T22:57:14 PST" name="Default suite" finished-at="2021-12-27T22:58:35 PST" duration-ms="80810">
    <groups>
    </groups>
    <test started-at="2021-12-27T22:57:14 PST" name="Default test" finished-at="2021-12-27T22:58:35 PST" duration-ms="80810">
      <class name="tests.Bongobd">
        <test-method is-config="true" signature="start()[pri:0, instance:tests.Bongobd@3d278b4d]" started-at="2021-12-27T22:57:14 PST" name="start" finished-at="2021-12-27T22:57:23 PST" duration-ms="8560" status="PASS">
          <reporter-output>
          </reporter-output>
        </test-method> <!-- start -->
        <test-method signature="Bongobd_test()[pri:0, instance:tests.Bongobd@3d278b4d]" started-at="2021-12-27T22:57:23 PST" name="Bongobd_test" finished-at="2021-12-27T22:58:35 PST" duration-ms="72056" status="PASS">
          <reporter-output>
          </reporter-output>
        </test-method> <!-- Bongobd_test -->
      </class> <!-- tests.Bongobd -->
    </test> <!-- Default test -->
  </suite> <!-- Default suite -->
</testng-results>
